<?xml version="1.0" encoding="UTF-8"?>
<!-- Generated by org.testng.reporters.JUnitXMLReporter -->
<testsuite hostname="BDC6-D-3WDMX52" ignored="0" name="Default test" tests="1" failures="0" timestamp="16 Jun 2017 14:16:01 GMT" time="10.721" errors="0">
  <testcase name="@BeforeMethod launchURL" time="0.0" classname="GitConfiguration.GitTest">
    <failure type="org.openqa.selenium.SessionNotCreatedException" message="Unable to create new remote session. desired capabilities = Capabilities [{ensureCleanSession=true, browserName=internet explorer, version=, platform=WINDOWS}], required capabilities = Capabilities [{}]
Build info: version: &amp;apos;3.0.1&amp;apos;, revision: &amp;apos;1969d75&amp;apos;, time: &amp;apos;2016-10-18 09:49:13 -0700&amp;apos;
System info: host: &amp;apos;BDC6-D-3WDMX52&amp;apos;, ip: &amp;apos;10.211.234.112&amp;apos;, os.name: &amp;apos;Windows 10&amp;apos;, os.arch: &amp;apos;amd64&amp;apos;, os.version: &amp;apos;10.0&amp;apos;, java.version: &amp;apos;1.8.0_121&amp;apos;
Driver info: driver.version: InternetExplorerDriver">
      <![CDATA[org.openqa.selenium.SessionNotCreatedException: Unable to create new remote session. desired capabilities = Capabilities [{ensureCleanSession=true, browserName=internet explorer, version=, platform=WINDOWS}], required capabilities = Capabilities [{}]
Build info: version: '3.0.1', revision: '1969d75', time: '2016-10-18 09:49:13 -0700'
System info: host: 'BDC6-D-3WDMX52', ip: '10.211.234.112', os.name: 'Windows 10', os.arch: 'amd64', os.version: '10.0', java.version: '1.8.0_121'
Driver info: driver.version: InternetExplorerDriver
	at org.openqa.selenium.remote.ProtocolHandshake.createSession(ProtocolHandshake.java:91)
	at org.openqa.selenium.remote.HttpCommandExecutor.execute(HttpCommandExecutor.java:141)
	at org.openqa.selenium.remote.service.DriverCommandExecutor.execute(DriverCommandExecutor.java:82)
	at org.openqa.selenium.remote.RemoteWebDriver.execute(RemoteWebDriver.java:601)
	at org.openqa.selenium.remote.RemoteWebDriver.startSession(RemoteWebDriver.java:241)
	at org.openqa.selenium.remote.RemoteWebDriver.startSession(RemoteWebDriver.java:227)
	at org.openqa.selenium.ie.InternetExplorerDriver.run(InternetExplorerDriver.java:180)
	at org.openqa.selenium.ie.InternetExplorerDriver.<init>(InternetExplorerDriver.java:172)
	at org.openqa.selenium.ie.InternetExplorerDriver.<init>(InternetExplorerDriver.java:144)
	at GitConfiguration.GitTest.launchURL(GitTest.java:32)
	at sun.reflect.NativeMethodAccessorImpl.invoke0(Native Method)
	at sun.reflect.NativeMethodAccessorImpl.invoke(NativeMethodAccessorImpl.java:62)
	at sun.reflect.DelegatingMethodAccessorImpl.invoke(DelegatingMethodAccessorImpl.java:43)
	at java.lang.reflect.Method.invoke(Method.java:498)
	at org.testng.internal.MethodInvocationHelper.invokeMethod(MethodInvocationHelper.java:104)
	at org.testng.internal.Invoker.invokeConfigurationMethod(Invoker.java:515)
	at org.testng.internal.Invoker.invokeConfigurations(Invoker.java:217)
	at org.testng.internal.Invoker.invokeMethod(Invoker.java:590)
	at org.testng.internal.Invoker.invokeTestMethod(Invoker.java:851)
	at org.testng.internal.Invoker.invokeTestMethods(Invoker.java:1177)
	at org.testng.internal.TestMethodWorker.invokeTestMethods(TestMethodWorker.java:129)
	at org.testng.internal.TestMethodWorker.run(TestMethodWorker.java:112)
	at org.testng.TestRunner.privateRun(TestRunner.java:756)
	at org.testng.TestRunner.run(TestRunner.java:610)
	at org.testng.SuiteRunner.runTest(SuiteRunner.java:387)
	at org.testng.SuiteRunner.runSequentially(SuiteRunner.java:382)
	at org.testng.SuiteRunner.privateRun(SuiteRunner.java:340)
	at org.testng.SuiteRunner.run(SuiteRunner.java:289)
	at org.testng.SuiteRunnerWorker.runSuite(SuiteRunnerWorker.java:52)
	at org.testng.SuiteRunnerWorker.run(SuiteRunnerWorker.java:86)
	at org.testng.TestNG.runSuitesSequentially(TestNG.java:1293)
	at org.testng.TestNG.runSuitesLocally(TestNG.java:1218)
	at org.testng.TestNG.runSuites(TestNG.java:1133)
	at org.testng.TestNG.run(TestNG.java:1104)
	at org.testng.remote.AbstractRemoteTestNG.run(AbstractRemoteTestNG.java:132)
	at org.testng.remote.RemoteTestNG.initAndRun(RemoteTestNG.java:230)
	at org.testng.remote.RemoteTestNG.main(RemoteTestNG.java:76)
]]>
    </failure>
  </testcase> <!-- @BeforeMethod launchURL -->
  <testcase name="@AfterMethod closeBrowser" time="0.0" classname="GitConfiguration.GitTest">
    <skipped/>
  </testcase> <!-- @AfterMethod closeBrowser -->
  <testcase name="gitTest" time="0.0" classname="GitConfiguration.GitTest">
    <skipped/>
  </testcase> <!-- gitTest -->
</testsuite> <!-- Default test -->
