<?xml version="1.0" encoding="UTF-8"?>
<testng-results skipped="0" failed="0" ignored="0" total="1" passed="1">
  <reporter-output>
  </reporter-output>
  <suite name="Aprilbatch" duration-ms="18889" started-at="2017-05-30T12:01:32Z" finished-at="2017-05-30T12:01:51Z">
    <groups>
    </groups>
    <test name="RegSet1" duration-ms="18889" started-at="2017-05-30T12:01:32Z" finished-at="2017-05-30T12:01:51Z">
      <class name="GitConfiguration.GitTest">
        <test-method status="PASS" signature="launchURL()[pri:0, instance:GitConfiguration.GitTest@51e2adc7]" name="launchURL" is-config="true" duration-ms="18670" started-at="2017-05-30T17:31:32Z" finished-at="2017-05-30T17:31:51Z">
          <reporter-output>
          </reporter-output>
        </test-method> <!-- launchURL -->
        <test-method status="PASS" signature="gitTest()[pri:0, instance:GitConfiguration.GitTest@51e2adc7]" name="gitTest" duration-ms="8" started-at="2017-05-30T17:31:51Z" finished-at="2017-05-30T17:31:51Z">
          <reporter-output>
          </reporter-output>
        </test-method> <!-- gitTest -->
        <test-method status="PASS" signature="closeBrowser()[pri:0, instance:GitConfiguration.GitTest@51e2adc7]" name="closeBrowser" is-config="true" duration-ms="193" started-at="2017-05-30T17:31:51Z" finished-at="2017-05-30T17:31:51Z">
          <reporter-output>
          </reporter-output>
        </test-method> <!-- closeBrowser -->
      </class> <!-- GitConfiguration.GitTest -->
    </test> <!-- RegSet1 -->
  </suite> <!-- Aprilbatch -->
</testng-results>
